2022-02-06 18:26:10,082
	D⋅V_g + V_c⋅(1 - D) solved for L = ∅
2022-02-06 18:26:10,084
	    V_c
	M - ───
	    V_g solved for L = ∅
2022-02-06 18:26:10,086
	  D⋅V_c           ⎛       V_c⎞
	- ───── + (1 - D)⋅⎜-i_L - ───⎟
	    R             ⎝        R ⎠ solved for L = ∅
2022-02-06 18:26:10,088
	    V_c
	R - ───
	    i_R solved for L = ∅
2022-02-06 18:26:10,099
	  D⋅V_g               
	- ───── + 2⋅\Delta i_L
	   L⋅fₛ                solved for L = ⎧     D⋅V_g     ⎫      
	                                                                                                    ⎨───────────────⎬ \ {0}
	                                                                                                    ⎩2⋅\Delta i_L⋅fₛ⎭      
2022-02-06 18:26:10,104
	               D⋅V_c 
	2⋅\Delta v_C - ──────
	               C⋅R⋅fₛ solved for L = ∅
2022-02-06 18:26:10,107
	         V_c   
	i_L - ─────────
	      R⋅(D - 1) solved for L = ∅
2022-02-06 18:26:10,330
		D⋅V_g + V_c⋅(1 - D) solved for D = ⎧   V_c   ⎫
		                                   ⎨─────────⎬
		                                   ⎩V_c - V_g⎭
2022-02-06 18:26:10,335
		    V_c
		M - ───
		    V_g solved for D = ∅
2022-02-06 18:26:10,352
		  D⋅V_c           ⎛       V_c⎞
		- ───── + (1 - D)⋅⎜-i_L - ───⎟
		    R             ⎝        R ⎠ solved for D = ⎧R⋅i_L + V_c⎫
		                                                                                                                                            ⎨───────────⎬
		                                                                                                                                            ⎩   R⋅i_L   ⎭
2022-02-06 18:26:10,360
		    V_c
		R - ───
		    i_R solved for D = ∅
2022-02-06 18:26:10,364
		  D⋅V_g               
		- ───── + 2⋅\Delta i_L
		   L⋅fₛ                solved for D = ⎧2⋅L⋅\Delta i_L⋅fₛ⎫
		                                                                                                                    ⎨─────────────────⎬
		                                                                                                                    ⎩       V_g       ⎭
2022-02-06 18:26:10,373
		               D⋅V_c 
		2⋅\Delta v_C - ──────
		               C⋅R⋅fₛ solved for D = ⎧2⋅C⋅R⋅\Delta v_C⋅fₛ⎫
		                                                                                                                 ⎨───────────────────⎬
		                                                                                                                 ⎩        V_c        ⎭
2022-02-06 18:26:10,392
		         V_c   
		i_L - ─────────
		      R⋅(D - 1) solved for D = ⎧     V_c ⎫      
		                                                                                               ⎨1 + ─────⎬ \ {1}
		                                                                                               ⎩    R⋅i_L⎭      
2022-02-06 18:26:10,510
			D⋅V_g + V_c⋅(1 - D) solved for V_c = ⎧D⋅V_g⎫
			                                     ⎨─────⎬
			                                     ⎩D - 1⎭
2022-02-06 18:26:10,517
			    V_c
			M - ───
			    V_g solved for V_c = {M⋅V_g}
2022-02-06 18:26:10,533
			  D⋅V_c           ⎛       V_c⎞
			- ───── + (1 - D)⋅⎜-i_L - ───⎟
			    R             ⎝        R ⎠ solved for V_c = {R⋅i_L⋅(D - 1)}
2022-02-06 18:26:10,541
			    V_c
			R - ───
			    i_R solved for V_c = {R⋅i_R}
2022-02-06 18:26:10,544
			  D⋅V_g               
			- ───── + 2⋅\Delta i_L
			   L⋅fₛ                solved for V_c = ∅
2022-02-06 18:26:10,548
			               D⋅V_c 
			2⋅\Delta v_C - ──────
			               C⋅R⋅fₛ solved for V_c = ⎧2⋅C⋅R⋅\Delta v_C⋅fₛ⎫
			                                                                                                                                   ⎨───────────────────⎬
			                                                                                                                                   ⎩         D         ⎭
2022-02-06 18:26:10,557
			         V_c   
			i_L - ─────────
			      R⋅(D - 1) solved for V_c = {R⋅i_L⋅(D - 1)}
2022-02-06 18:26:10,723
			D⋅V_g + V_c⋅(1 - D) solved for V_g = ⎧V_c⋅(D - 1)⎫
			                                     ⎨───────────⎬
			                                     ⎩     D     ⎭
2022-02-06 18:26:10,745
			    V_c
			M - ───
			    V_g solved for V_g = ⎧V_c⎫      
			                                                                                         ⎨───⎬ \ {0}
			                                                                                         ⎩ M ⎭      
2022-02-06 18:26:10,750
			  D⋅V_c           ⎛       V_c⎞
			- ───── + (1 - D)⋅⎜-i_L - ───⎟
			    R             ⎝        R ⎠ solved for V_g = ∅
2022-02-06 18:26:10,750
			    V_c
			R - ───
			    i_R solved for V_g = ∅
2022-02-06 18:26:10,755
			  D⋅V_g               
			- ───── + 2⋅\Delta i_L
			   L⋅fₛ                solved for V_g = ⎧2⋅L⋅\Delta i_L⋅fₛ⎫
			                                                                                                                                      ⎨─────────────────⎬
			                                                                                                                                      ⎩        D        ⎭
2022-02-06 18:26:10,761
			               D⋅V_c 
			2⋅\Delta v_C - ──────
			               C⋅R⋅fₛ solved for V_g = ∅
2022-02-06 18:26:10,763
			         V_c   
			i_L - ─────────
			      R⋅(D - 1) solved for V_g = ∅
2022-02-06 18:26:10,852
		D⋅V_g + V_c⋅(1 - D) solved for M = ∅
2022-02-06 18:26:10,854
		    V_c
		M - ───
		    V_g solved for M = ⎧V_c⎫
		                                                                       ⎨───⎬
		                                                                       ⎩V_g⎭
2022-02-06 18:26:10,857
		  D⋅V_c           ⎛       V_c⎞
		- ───── + (1 - D)⋅⎜-i_L - ───⎟
		    R             ⎝        R ⎠ solved for M = ∅
2022-02-06 18:26:10,858
		    V_c
		R - ───
		    i_R solved for M = ∅
2022-02-06 18:26:10,859
		  D⋅V_g               
		- ───── + 2⋅\Delta i_L
		   L⋅fₛ                solved for M = ∅
2022-02-06 18:26:10,859
		               D⋅V_c 
		2⋅\Delta v_C - ──────
		               C⋅R⋅fₛ solved for M = ∅
2022-02-06 18:26:10,860
		         V_c   
		i_L - ─────────
		      R⋅(D - 1) solved for M = ∅
2022-02-06 18:26:10,951
D⋅V_g + V_c⋅(1 - D) solved for \Delta i_L = ∅
2022-02-06 18:26:10,952
    V_c
M - ───
    V_g solved for \Delta i_L = ∅
2022-02-06 18:26:10,954
  D⋅V_c           ⎛       V_c⎞
- ───── + (1 - D)⋅⎜-i_L - ───⎟
    R             ⎝        R ⎠ solved for \Delta i_L = ∅
2022-02-06 18:26:10,955
    V_c
R - ───
    i_R solved for \Delta i_L = ∅
2022-02-06 18:26:10,958
  D⋅V_g               
- ───── + 2⋅\Delta i_L
   L⋅fₛ                solved for \Delta i_L = ⎧D⋅V_g ⎫
                                                                                             ⎨──────⎬
                                                                                             ⎩2⋅L⋅fₛ⎭
2022-02-06 18:26:10,968
               D⋅V_c 
2⋅\Delta v_C - ──────
               C⋅R⋅fₛ solved for \Delta i_L = ∅
2022-02-06 18:26:10,969
         V_c   
i_L - ─────────
      R⋅(D - 1) solved for \Delta i_L = ∅
2022-02-06 18:26:11,092
D⋅V_g + V_c⋅(1 - D) solved for fₛ = ∅
2022-02-06 18:26:11,093
    V_c
M - ───
    V_g solved for fₛ = ∅
2022-02-06 18:26:11,094
  D⋅V_c           ⎛       V_c⎞
- ───── + (1 - D)⋅⎜-i_L - ───⎟
    R             ⎝        R ⎠ solved for fₛ = ∅
2022-02-06 18:26:11,095
    V_c
R - ───
    i_R solved for fₛ = ∅
2022-02-06 18:26:11,103
  D⋅V_g               
- ───── + 2⋅\Delta i_L
   L⋅fₛ                solved for fₛ = ⎧    D⋅V_g     ⎫      
                                                                                     ⎨──────────────⎬ \ {0}
                                                                                     ⎩2⋅L⋅\Delta i_L⎭      
2022-02-06 18:26:11,119
               D⋅V_c 
2⋅\Delta v_C - ──────
               C⋅R⋅fₛ solved for fₛ = ⎧     D⋅V_c      ⎫      
                                                                                  ⎨────────────────⎬ \ {0}
                                                                                  ⎩2⋅C⋅R⋅\Delta v_C⎭      
2022-02-06 18:26:11,126
         V_c   
i_L - ─────────
      R⋅(D - 1) solved for fₛ = ∅
2022-02-06 18:26:11,238
D⋅V_g + V_c⋅(1 - D) solved for C = ∅
2022-02-06 18:26:11,239
    V_c
M - ───
    V_g solved for C = ∅
2022-02-06 18:26:11,240
  D⋅V_c           ⎛       V_c⎞
- ───── + (1 - D)⋅⎜-i_L - ───⎟
    R             ⎝        R ⎠ solved for C = ∅
2022-02-06 18:26:11,240
    V_c
R - ───
    i_R solved for C = ∅
2022-02-06 18:26:11,241
  D⋅V_g               
- ───── + 2⋅\Delta i_L
   L⋅fₛ                solved for C = ∅
2022-02-06 18:26:11,249
               D⋅V_c 
2⋅\Delta v_C - ──────
               C⋅R⋅fₛ solved for C = ⎧      D⋅V_c      ⎫      
                                                                                 ⎨─────────────────⎬ \ {0}
                                                                                 ⎩2⋅R⋅\Delta v_C⋅fₛ⎭      
2022-02-06 18:26:11,255
         V_c   
i_L - ─────────
      R⋅(D - 1) solved for C = ∅
2022-02-06 18:26:11,381
D⋅V_g + V_c⋅(1 - D) solved for R = ∅
2022-02-06 18:26:11,381
    V_c
M - ───
    V_g solved for R = ∅
2022-02-06 18:26:11,398
  D⋅V_c           ⎛       V_c⎞
- ───── + (1 - D)⋅⎜-i_L - ───⎟
    R             ⎝        R ⎠ solved for R = ⎧D⋅V_c      ⎫      
                                                                                                            ⎪───── - V_c⎪      
                                                                                                            ⎨D - 1      ⎬      
                                                                                                            ⎪───────────⎪ \ {0}
                                                                                                            ⎩    i_L    ⎭      
2022-02-06 18:26:11,408
    V_c
R - ───
    i_R solved for R = ⎧V_c⎫
                                       ⎨───⎬
                                       ⎩i_R⎭
2022-02-06 18:26:11,411
  D⋅V_g               
- ───── + 2⋅\Delta i_L
   L⋅fₛ                solved for R = ∅
2022-02-06 18:26:11,421
               D⋅V_c 
2⋅\Delta v_C - ──────
               C⋅R⋅fₛ solved for R = ⎧      D⋅V_c      ⎫      
                                                                                 ⎨─────────────────⎬ \ {0}
                                                                                 ⎩2⋅C⋅\Delta v_C⋅fₛ⎭      
2022-02-06 18:26:11,441
         V_c   
i_L - ─────────
      R⋅(D - 1) solved for R = ⎧    V_c    ⎫      
                                                               ⎨───────────⎬ \ {0}
                                                               ⎩i_L⋅(D - 1)⎭      
2022-02-06 18:26:11,542
D⋅V_g + V_c⋅(1 - D) solved for i_L = ∅
2022-02-06 18:26:11,543
    V_c
M - ───
    V_g solved for i_L = ∅
2022-02-06 18:26:11,554
  D⋅V_c           ⎛       V_c⎞
- ───── + (1 - D)⋅⎜-i_L - ───⎟
    R             ⎝        R ⎠ solved for i_L = ⎧  D⋅V_c     V_c⎫
                                                                                                              ⎨───────── - ───⎬
                                                                                                              ⎩R⋅(D - 1)    R ⎭
2022-02-06 18:26:11,567
    V_c
R - ───
    i_R solved for i_L = ∅
2022-02-06 18:26:11,568
  D⋅V_g               
- ───── + 2⋅\Delta i_L
   L⋅fₛ                solved for i_L = ∅
2022-02-06 18:26:11,569
               D⋅V_c 
2⋅\Delta v_C - ──────
               C⋅R⋅fₛ solved for i_L = ∅
2022-02-06 18:26:11,572
         V_c   
i_L - ─────────
      R⋅(D - 1) solved for i_L = ⎧   V_c   ⎫
                                                                 ⎨─────────⎬
                                                                 ⎩R⋅(D - 1)⎭
2022-02-06 18:26:11,674
D⋅V_g + V_c⋅(1 - D) solved for i_R = ∅
2022-02-06 18:26:11,675
    V_c
M - ───
    V_g solved for i_R = ∅
2022-02-06 18:26:11,676
  D⋅V_c           ⎛       V_c⎞
- ───── + (1 - D)⋅⎜-i_L - ───⎟
    R             ⎝        R ⎠ solved for i_R = ∅
2022-02-06 18:26:11,682
    V_c
R - ───
    i_R solved for i_R = ⎧V_c⎫      
                                         ⎨───⎬ \ {0}
                                         ⎩ R ⎭      
2022-02-06 18:26:11,685
  D⋅V_g               
- ───── + 2⋅\Delta i_L
   L⋅fₛ                solved for i_R = ∅
2022-02-06 18:26:11,686
               D⋅V_c 
2⋅\Delta v_C - ──────
               C⋅R⋅fₛ solved for i_R = ∅
2022-02-06 18:26:11,686
         V_c   
i_L - ─────────
      R⋅(D - 1) solved for i_R = ∅
2022-02-06 18:26:11,771
D⋅V_g + V_c⋅(1 - D) solved for \Delta v_C = ∅
2022-02-06 18:26:11,772
    V_c
M - ───
    V_g solved for \Delta v_C = ∅
2022-02-06 18:26:11,773
  D⋅V_c           ⎛       V_c⎞
- ───── + (1 - D)⋅⎜-i_L - ───⎟
    R             ⎝        R ⎠ solved for \Delta v_C = ∅
2022-02-06 18:26:11,774
    V_c
R - ───
    i_R solved for \Delta v_C = ∅
2022-02-06 18:26:11,774
  D⋅V_g               
- ───── + 2⋅\Delta i_L
   L⋅fₛ                solved for \Delta v_C = ∅
2022-02-06 18:26:11,777
               D⋅V_c 
2⋅\Delta v_C - ──────
               C⋅R⋅fₛ solved for \Delta v_C = ⎧ D⋅V_c  ⎫
                                                                                          ⎨────────⎬
                                                                                          ⎩2⋅C⋅R⋅fₛ⎭
2022-02-06 18:26:11,784
         V_c   
i_L - ─────────
      R⋅(D - 1) solved for \Delta v_C = ∅
